# JRE version: Java(TM) SE Runtime Environment (8.0_66-b18) (build 1.8.0_66-b18)
# Java VM: Java HotSpot(TM) 64-Bit Server VM (25.66-b18 mixed mode windows-amd64 compressed oops)
Heap:
 PSYoungGen      total 53760K, used 2611K [0x00000007bc400000, 0x00000007c0000000, 0x00000007c0000000)
  eden space 46080K, 5% used [0x00000007bc400000,0x00000007bc68cd18,0x00000007bf100000)
  from space 7680K, 0% used [0x00000007bf100000,0x00000007bf100000,0x00000007bf880000)
  to   space 7680K, 0% used [0x00000007bf880000,0x00000007bf880000,0x00000007c0000000)
 ParOldGen       total 167936K, used 28756K [0x0000000700000000, 0x000000070a400000, 0x00000007bc400000)
  object space 167936K, 17% used [0x0000000700000000,0x0000000701c15270,0x000000070a400000)
 Metaspace       used 35053K, capacity 35348K, committed 35712K, reserved 1079296K
  class space    used 4869K, capacity 4938K, committed 4992K, reserved 1048576K
GC Heap History (10 events):
Event: 5.276 GC heap before
{Heap before GC invocations=3 (full 1):
 PSYoungGen      total 53760K, used 7659K [0x00000007bc400000, 0x00000007c0000000, 0x00000007c0000000)
  eden space 46080K, 0% used [0x00000007bc400000,0x00000007bc400000,0x00000007bf100000)
  from space 7680K, 99% used [0x00000007bf880000,0x00000007bfffaf98,0x00000007c0000000)
  to   space 7680K, 0% used [0x00000007bf100000,0x00000007bf100000,0x00000007bf880000)
 ParOldGen       total 69632K, used 5899K [0x0000000700000000, 0x0000000704400000, 0x00000007bc400000)
  object space 69632K, 8% used [0x0000000700000000,0x00000007005c2c68,0x0000000704400000)
 Metaspace       used 20831K, capacity 21080K, committed 21296K, reserved 1069056K
  class space    used 2559K, capacity 2643K, committed 2688K, reserved 1048576K
Event: 5.320 GC heap after
Heap after GC invocations=3 (full 1):
 PSYoungGen      total 53760K, used 0K [0x00000007bc400000, 0x00000007c0000000, 0x00000007c0000000)
  eden space 46080K, 0% used [0x00000007bc400000,0x00000007bc400000,0x00000007bf100000)
  from space 7680K, 0% used [0x00000007bf880000,0x00000007bf880000,0x00000007c0000000)
  to   space 7680K, 0% used [0x00000007bf100000,0x00000007bf100000,0x00000007bf880000)
 ParOldGen       total 92160K, used 12505K [0x0000000700000000, 0x0000000705a00000, 0x00000007bc400000)
  object space 92160K, 13% used [0x0000000700000000,0x0000000700c367d8,0x0000000705a00000)
 Metaspace       used 20831K, capacity 21080K, committed 21296K, reserved 1069056K
  class space    used 2559K, capacity 2643K, committed 2688K, reserved 1048576K
}
Event: 6.101 GC heap before
{Heap before GC invocations=4 (full 1):
 PSYoungGen      total 53760K, used 46080K [0x00000007bc400000, 0x00000007c0000000, 0x00000007c0000000)
  eden space 46080K, 100% used [0x00000007bc400000,0x00000007bf100000,0x00000007bf100000)
  from space 7680K, 0% used [0x00000007bf880000,0x00000007bf880000,0x00000007c0000000)
  to   space 7680K, 0% used [0x00000007bf100000,0x00000007bf100000,0x00000007bf880000)
 ParOldGen       total 92160K, used 12505K [0x0000000700000000, 0x0000000705a00000, 0x00000007bc400000)
  object space 92160K, 13% used [0x0000000700000000,0x0000000700c367d8,0x0000000705a00000)
 Metaspace       used 26642K, capacity 26885K, committed 27008K, reserved 1073152K
  class space    used 3379K, capacity 3454K, committed 3456K, reserved 1048576K
Event: 6.107 GC heap after
Heap after GC invocations=4 (full 1):
 PSYoungGen      total 53760K, used 7670K [0x00000007bc400000, 0x00000007c0000000, 0x00000007c0000000)
  eden space 46080K, 0% used [0x00000007bc400000,0x00000007bc400000,0x00000007bf100000)
  from space 7680K, 99% used [0x00000007bf100000,0x00000007bf87d978,0x00000007bf880000)
  to   space 7680K, 0% used [0x00000007bf880000,0x00000007bf880000,0x00000007c0000000)
 ParOldGen       total 92160K, used 13581K [0x0000000700000000, 0x0000000705a00000, 0x00000007bc400000)
  object space 92160K, 14% used [0x0000000700000000,0x0000000700d435a8,0x0000000705a00000)
 Metaspace       used 26642K, capacity 26885K, committed 27008K, reserved 1073152K
  class space    used 3379K, capacity 3454K, committed 3456K, reserved 1048576K
}
Event: 6.576 GC heap before
{Heap before GC invocations=5 (full 1):
 PSYoungGen      total 53760K, used 53750K [0x00000007bc400000, 0x00000007c0000000, 0x00000007c0000000)
  eden space 46080K, 100% used [0x00000007bc400000,0x00000007bf100000,0x00000007bf100000)
  from space 7680K, 99% used [0x00000007bf100000,0x00000007bf87d978,0x00000007bf880000)
  to   space 7680K, 0% used [0x00000007bf880000,0x00000007bf880000,0x00000007c0000000)
 ParOldGen       total 92160K, used 13581K [0x0000000700000000, 0x0000000705a00000, 0x00000007bc400000)
  object space 92160K, 14% used [0x0000000700000000,0x0000000700d435a8,0x0000000705a00000)
 Metaspace       used 30085K, capacity 30385K, committed 30592K, reserved 1075200K
  class space    used 4021K, capacity 4132K, committed 4224K, reserved 1048576K
Event: 6.583 GC heap after
Heap after GC invocations=5 (full 1):
 PSYoungGen      total 53760K, used 7678K [0x00000007bc400000, 0x00000007c0000000, 0x00000007c0000000)
  eden space 46080K, 0% used [0x00000007bc400000,0x00000007bc400000,0x00000007bf100000)
  from space 7680K, 99% used [0x00000007bf880000,0x00000007bffff8a8,0x00000007c0000000)
  to   space 7680K, 0% used [0x00000007bf100000,0x00000007bf100000,0x00000007bf880000)
 ParOldGen       total 92160K, used 17995K [0x0000000700000000, 0x0000000705a00000, 0x00000007bc400000)
  object space 92160K, 19% used [0x0000000700000000,0x0000000701192d88,0x0000000705a00000)
 Metaspace       used 30085K, capacity 30385K, committed 30592K, reserved 1075200K
  class space    used 4021K, capacity 4132K, committed 4224K, reserved 1048576K
}
Event: 7.171 GC heap before
{Heap before GC invocations=6 (full 1):
 PSYoungGen      total 53760K, used 38388K [0x00000007bc400000, 0x00000007c0000000, 0x00000007c0000000)
  eden space 46080K, 66% used [0x00000007bc400000,0x00000007be1fd808,0x00000007bf100000)
  from space 7680K, 99% used [0x00000007bf880000,0x00000007bffff8a8,0x00000007c0000000)
  to   space 7680K, 0% used [0x00000007bf100000,0x00000007bf100000,0x00000007bf880000)
 ParOldGen       total 92160K, used 17995K [0x0000000700000000, 0x0000000705a00000, 0x00000007bc400000)
  object space 92160K, 19% used [0x0000000700000000,0x0000000701192d88,0x0000000705a00000)
 Metaspace       used 34875K, capacity 35220K, committed 35456K, reserved 1079296K
  class space    used 4845K, capacity 4938K, committed 4992K, reserved 1048576K
Event: 7.190 GC heap after
Heap after GC invocations=6 (full 1):
 PSYoungGen      total 53760K, used 7678K [0x00000007bc400000, 0x00000007c0000000, 0x00000007c0000000)
  eden space 46080K, 0% used [0x00000007bc400000,0x00000007bc400000,0x00000007bf100000)
  from space 7680K, 99% used [0x00000007bf100000,0x00000007bf87f870,0x00000007bf880000)
  to   space 7680K, 0% used [0x00000007bf880000,0x00000007bf880000,0x00000007c0000000)
 ParOldGen       total 92160K, used 36773K [0x0000000700000000, 0x0000000705a00000, 0x00000007bc400000)
  object space 92160K, 39% used [0x0000000700000000,0x00000007023e9788,0x0000000705a00000)
 Metaspace       used 34875K, capacity 35220K, committed 35456K, reserved 1079296K
  class space    used 4845K, capacity 4938K, committed 4992K, reserved 1048576K
}
Event: 7.190 GC heap before
{Heap before GC invocations=7 (full 2):
 PSYoungGen      total 53760K, used 7678K [0x00000007bc400000, 0x00000007c0000000, 0x00000007c0000000)
  eden space 46080K, 0% used [0x00000007bc400000,0x00000007bc400000,0x00000007bf100000)
  from space 7680K, 99% used [0x00000007bf100000,0x00000007bf87f870,0x00000007bf880000)
  to   space 7680K, 0% used [0x00000007bf880000,0x00000007bf880000,0x00000007c0000000)
 ParOldGen       total 92160K, used 36773K [0x0000000700000000, 0x0000000705a00000, 0x00000007bc400000)
  object space 92160K, 39% used [0x0000000700000000,0x00000007023e9788,0x0000000705a00000)
 Metaspace       used 34875K, capacity 35220K, committed 35456K, reserved 1079296K
  class space    used 4845K, capacity 4938K, committed 4992K, reserved 1048576K
Event: 7.283 GC heap after
Heap after GC invocations=7 (full 2):
 PSYoungGen      total 53760K, used 0K [0x00000007bc400000, 0x00000007c0000000, 0x00000007c0000000)
  eden space 46080K, 0% used [0x00000007bc400000,0x00000007bc400000,0x00000007bf100000)
  from space 7680K, 0% used [0x00000007bf100000,0x00000007bf100000,0x00000007bf880000)
  to   space 7680K, 0% used [0x00000007bf880000,0x00000007bf880000,0x00000007c0000000)
 ParOldGen       total 167936K, used 28756K [0x0000000700000000, 0x000000070a400000, 0x00000007bc400000)
  object space 167936K, 17% used [0x0000000700000000,0x0000000701c15270,0x000000070a400000)
 Metaspace       used 34875K, capacity 35220K, committed 35456K, reserved 1079296K
  class space    used 4845K, capacity 4938K, committed 4992K, reserved 1048576K
}

